2021-05-12 13:46:57.847 - INFO - 68311 - azureml.train.automl.run._log_activity:55 - ActivityStarted: GetOutput
2021-05-12 13:46:57.873 - INFO - 68311 - azureml.train.automl.run._log_activity:55 - ActivityStarted: GetOutput
2021-05-12 13:46:57.897 - INFO - 68311 - azureml.train.automl.run._log_activity:55 - ActivityStarted: GetChildren
2021-05-12 13:46:58.803 - INFO - 68311 - azureml.train.automl.run._log_activity:93 - ActivityCompleted: Activity=GetChildren, HowEnded=Success, Duration=905.55[ms]
2021-05-12 13:46:59.156 - INFO - 68311 - azureml.train.automl.run._log_activity:93 - ActivityCompleted: Activity=GetOutput, HowEnded=Success, Duration=1282.93[ms]
2021-05-12 13:46:59.157 - INFO - 68311 - azureml.train.automl._model_download_utilities._log_activity:55 - ActivityStarted: DownloadModel
2021-05-12 13:47:02.944 - INFO - 68311 - azureml.train.automl._model_download_utilities._log_activity:93 - ActivityCompleted: Activity=DownloadModel, HowEnded=Success, Duration=3787.11[ms]
2021-05-12 13:47:02.955 - INFO - 68311 - azureml.train.automl.run._log_activity:93 - ActivityCompleted: Activity=GetOutput, HowEnded=Success, Duration=5108.68[ms]
2021-05-12 13:48:09.780 - INFO - 68311 - azureml.train.automl.run._log_activity:55 - ActivityStarted: GetOutput
2021-05-12 13:48:09.807 - INFO - 68311 - azureml.train.automl.run._log_activity:55 - ActivityStarted: GetOutput
2021-05-12 13:48:09.841 - INFO - 68311 - azureml.train.automl.run._log_activity:55 - ActivityStarted: GetChildren
2021-05-12 13:48:10.871 - INFO - 68311 - azureml.train.automl.run._log_activity:93 - ActivityCompleted: Activity=GetChildren, HowEnded=Success, Duration=1030.35[ms]
2021-05-12 13:48:11.232 - INFO - 68311 - azureml.train.automl.run._log_activity:93 - ActivityCompleted: Activity=GetOutput, HowEnded=Success, Duration=1424.9[ms]
2021-05-12 13:48:11.232 - INFO - 68311 - azureml.train.automl._model_download_utilities._log_activity:55 - ActivityStarted: DownloadModel
2021-05-12 13:48:14.741 - INFO - 68311 - azureml.train.automl._model_download_utilities._log_activity:93 - ActivityCompleted: Activity=DownloadModel, HowEnded=Success, Duration=3508.19[ms]
2021-05-12 13:48:14.742 - INFO - 68311 - azureml.train.automl.run._log_activity:93 - ActivityCompleted: Activity=GetOutput, HowEnded=Success, Duration=4961.88[ms]
2021-05-12 14:11:33.662 - INFO - 68311 - azureml.train.automl.run._log_activity:55 - ActivityStarted: RegisterModel
2021-05-12 14:11:33.687 - INFO - 68311 - azureml.train.automl.run._log_activity:55 - ActivityStarted: GetChildren
2021-05-12 14:11:34.559 - INFO - 68311 - azureml.train.automl.run._log_activity:93 - ActivityCompleted: Activity=GetChildren, HowEnded=Success, Duration=872.33[ms]
2021-05-12 14:11:37.221 - INFO - 68311 - azureml.train.automl.run._log_activity:93 - ActivityCompleted: Activity=RegisterModel, HowEnded=Success, Duration=3558.88[ms]
2021-05-12 18:31:58.579 - INFO - 68311 - azureml.automl.runtime.distributed.utilities.horovod_initialized:70 - Horovod not found in current environment. Distribution via Horovod will be disabled.
2021-05-12 18:32:02.038 - INFO - 68311 - azureml.train.automl.run._log_activity:55 - ActivityStarted: GetOutput
2021-05-12 18:32:02.074 - INFO - 68311 - azureml.train.automl.run._log_activity:55 - ActivityStarted: GetOutput
2021-05-12 18:32:02.102 - INFO - 68311 - azureml.train.automl.run._log_activity:55 - ActivityStarted: GetChildren
2021-05-12 18:32:37.576 - INFO - 68311 - azureml.train.automl.run._log_activity:93 - ActivityCompleted: Activity=GetChildren, HowEnded=Success, Duration=35473.46[ms]
2021-05-12 18:32:38.016 - INFO - 68311 - azureml.train.automl.run._log_activity:93 - ActivityCompleted: Activity=GetOutput, HowEnded=Success, Duration=35942.57[ms]
2021-05-12 18:32:39.172 - INFO - 68311 - azureml.train.automl.run._log_activity:93 - ActivityCompleted: Activity=GetOutput, HowEnded=Success, Duration=37134.45[ms]
